[0000000d][2024-06-10 19:53:59] [info] [ws_gate] accept client socket_fd: 7 addr: 127.0.0.1:59654
[0000000d][2024-06-10 19:53:59] [debug] [ws_gate] ws connect from:  7
[0000000c][2024-06-10 19:53:59] [debug] [ws_watchdog] New client from : 127.0.0.1:59654
[0000000d][2024-06-10 19:53:59] [debug] [ws_gate] ws handshake from:  7 , url:  / , addr:  127.0.0.1:59654
[0000000d][2024-06-10 19:54:04] [debug] [ws_gate] ws message from:  7 , msg:  {"pid":"c2s_heartbeat"}
[0000000c][2024-06-10 19:54:04] [info] [ws_watchdog] SOCKET data fd:  7 msg:  {"pid":"c2s_heartbeat"}
[0000000c][2024-06-10 19:54:04] [warn] [ws_watchdog] auth failed, fd:  7 , msg:  {"pid":"c2s_heartbeat"}
[0000000d][2024-06-10 19:54:04] [debug] [ws_gate] ws close from:  7
[0000000c][2024-06-10 19:54:04] [debug] [ws_watchdog] socket close 7
[0000000d][2024-06-10 19:54:25] [info] [ws_gate] accept client socket_fd: 8 addr: 127.0.0.1:59698
[0000000d][2024-06-10 19:54:25] [debug] [ws_gate] ws connect from:  8
[0000000c][2024-06-10 19:54:25] [debug] [ws_watchdog] New client from : 127.0.0.1:59698
[0000000d][2024-06-10 19:54:25] [debug] [ws_gate] ws handshake from:  8 , url:  / , addr:  127.0.0.1:59698
[0000000d][2024-06-10 19:54:30] [debug] [ws_gate] ws message from:  8 , msg:  {"pid":"c2s_heartbeat"}
[0000000c][2024-06-10 19:54:30] [info] [ws_watchdog] SOCKET data fd:  8 msg:  {"pid":"c2s_heartbeat"}
[0000000c][2024-06-10 19:54:30] [warn] [ws_watchdog] auth failed, fd:  8 , msg:  {"pid":"c2s_heartbeat"}
[0000000d][2024-06-10 19:54:30] [debug] [ws_gate] ws close from:  8
[0000000c][2024-06-10 19:54:30] [debug] [ws_watchdog] socket close 8
[0000000d][2024-06-10 20:03:25] [info] [ws_gate] accept client socket_fd: 9 addr: 127.0.0.1:60171
[0000000d][2024-06-10 20:03:25] [debug] [ws_gate] ws connect from:  9
[0000000c][2024-06-10 20:03:25] [debug] [ws_watchdog] New client from : 127.0.0.1:60171
[0000000d][2024-06-10 20:03:25] [debug] [ws_gate] ws handshake from:  9 , url:  / , addr:  127.0.0.1:60171
[0000000d][2024-06-10 20:03:32] [debug] [ws_gate] ws message from:  9 , msg:  {"pid":"c2s_login","acc":"test_account","token":"token","sign":"f0152c68a02205073183cbb9b3d358c1"}
[0000000c][2024-06-10 20:03:32] [info] [ws_watchdog] SOCKET data fd:  9 msg:  {"pid":"c2s_login","acc":"test_account","token":"token","sign":"f0152c68a02205073183cbb9b3d358c1"}
[00000012][2024-06-10 20:03:32] [debug] [cached] Get func_name:  user_user_get_userinfo
[0000000e][2024-06-10 20:03:32] [info] [ws_agent] Login Success acc:  test_account fd:  9
[0000000d][2024-06-10 20:03:32] [debug] [ws_gate] ws response:  9 , msg:  {"msg":"Login success","pid":"s2c_login","uid":"2864526027785244672","username":"New Player","lv":1,"exp":0}
[0000000d][2024-06-10 20:03:41] [debug] [ws_gate] ws close from:  9
[0000000c][2024-06-10 20:03:41] [debug] [ws_watchdog] socket close 9
[00000012][2024-06-10 20:03:47] [debug] [cached] save key:  user_2864526027785244672
[0000000d][2024-06-10 20:04:15] [info] [ws_gate] accept client socket_fd: 10 addr: 127.0.0.1:60241
[0000000d][2024-06-10 20:04:15] [debug] [ws_gate] ws connect from:  10
[0000000c][2024-06-10 20:04:15] [debug] [ws_watchdog] New client from : 127.0.0.1:60241
[0000000d][2024-06-10 20:04:15] [debug] [ws_gate] ws handshake from:  10 , url:  / , addr:  127.0.0.1:60241
[0000000d][2024-06-10 20:04:16] [debug] [ws_gate] ws message from:  10 , msg:  {"pid":"c2s_login","acc":"test_account","token":"token","sign":"f0152c68a02205073183cbb9b3d358c1"}
[0000000c][2024-06-10 20:04:16] [info] [ws_watchdog] SOCKET data fd:  10 msg:  {"pid":"c2s_login","acc":"test_account","token":"token","sign":"f0152c68a02205073183cbb9b3d358c1"}
[00000012][2024-06-10 20:04:16] [debug] [cached] Get func_name:  user_user_get_userinfo
[0000000e][2024-06-10 20:04:16] [info] [ws_agent] Login Success acc:  test_account fd:  10
[0000000d][2024-06-10 20:04:16] [debug] [ws_gate] ws response:  10 , msg:  {"msg":"Login success","pid":"s2c_login","uid":"2864526027785244672","username":"New Player","lv":1,"exp":0}
[0000000d][2024-06-10 20:04:30] [debug] [ws_gate] ws close from:  10
[0000000c][2024-06-10 20:04:30] [debug] [ws_watchdog] socket close 10
[0000000d][2024-06-10 20:04:30] [info] [ws_gate] accept client socket_fd: 11 addr: 127.0.0.1:60260
[0000000d][2024-06-10 20:04:30] [debug] [ws_gate] ws connect from:  11
[0000000c][2024-06-10 20:04:30] [debug] [ws_watchdog] New client from : 127.0.0.1:60260
[0000000d][2024-06-10 20:04:30] [debug] [ws_gate] ws handshake from:  11 , url:  / , addr:  127.0.0.1:60260
[0000000d][2024-06-10 20:04:31] [debug] [ws_gate] ws message from:  11 , msg:  {"pid":"c2s_login","acc":"test_account","token":"token","sign":"f0152c68a02205073183cbb9b3d358c1"}
[0000000c][2024-06-10 20:04:31] [info] [ws_watchdog] SOCKET data fd:  11 msg:  {"pid":"c2s_login","acc":"test_account","token":"token","sign":"f0152c68a02205073183cbb9b3d358c1"}
[00000012][2024-06-10 20:04:31] [debug] [cached] Get func_name:  user_user_get_userinfo
[0000000e][2024-06-10 20:04:31] [info] [ws_agent] Login Success acc:  test_account fd:  11
[0000000d][2024-06-10 20:04:31] [debug] [ws_gate] ws response:  11 , msg:  {"msg":"Login success","pid":"s2c_login","uid":"2864526027785244672","username":"New Player","lv":1,"exp":0}
[0000000d][2024-06-10 20:04:40] [debug] [ws_gate] ws message from:  11 , msg:  {"pid":"c2s_heartbeat"}
[0000000e][2024-06-10 20:04:40] [debug] [ws_agent] socket data 11 {"pid":"c2s_heartbeat"}
[0000000d][2024-06-10 20:04:45] [debug] [ws_gate] ws message from:  11 , msg:  {"pid":"c2s_heartbeat"}
[0000000e][2024-06-10 20:04:45] [debug] [ws_agent] socket data 11 {"pid":"c2s_heartbeat"}
[00000012][2024-06-10 20:04:47] [debug] [cached] save key:  user_2864526027785244672
[0000000d][2024-06-10 20:04:50] [debug] [ws_gate] ws message from:  11 , msg:  {"pid":"c2s_heartbeat"}
[0000000e][2024-06-10 20:04:50] [debug] [ws_agent] socket data 11 {"pid":"c2s_heartbeat"}
[0000000d][2024-06-10 20:04:55] [debug] [ws_gate] ws message from:  11 , msg:  {"pid":"c2s_heartbeat"}
[0000000e][2024-06-10 20:04:55] [debug] [ws_agent] socket data 11 {"pid":"c2s_heartbeat"}
[0000000d][2024-06-10 20:05:00] [debug] [ws_gate] ws message from:  11 , msg:  {"pid":"c2s_heartbeat"}
[0000000e][2024-06-10 20:05:00] [debug] [ws_agent] socket data 11 {"pid":"c2s_heartbeat"}
[0000000d][2024-06-10 20:05:05] [debug] [ws_gate] ws message from:  11 , msg:  {"pid":"c2s_heartbeat"}
[0000000e][2024-06-10 20:05:05] [debug] [ws_agent] socket data 11 {"pid":"c2s_heartbeat"}
[0000000d][2024-06-10 20:05:10] [debug] [ws_gate] ws message from:  11 , msg:  {"pid":"c2s_heartbeat"}
[0000000e][2024-06-10 20:05:10] [debug] [ws_agent] socket data 11 {"pid":"c2s_heartbeat"}
[0000000d][2024-06-10 20:05:15] [debug] [ws_gate] ws message from:  11 , msg:  {"pid":"c2s_heartbeat"}
[0000000e][2024-06-10 20:05:15] [debug] [ws_agent] socket data 11 {"pid":"c2s_heartbeat"}
[0000000d][2024-06-10 20:05:20] [debug] [ws_gate] ws message from:  11 , msg:  {"pid":"c2s_heartbeat"}
[0000000e][2024-06-10 20:05:20] [debug] [ws_agent] socket data 11 {"pid":"c2s_heartbeat"}
[0000000d][2024-06-10 20:05:25] [debug] [ws_gate] ws message from:  11 , msg:  {"pid":"c2s_heartbeat"}
[0000000e][2024-06-10 20:05:25] [debug] [ws_agent] socket data 11 {"pid":"c2s_heartbeat"}
[0000000d][2024-06-10 20:05:30] [debug] [ws_gate] ws message from:  11 , msg:  {"pid":"c2s_heartbeat"}
[0000000e][2024-06-10 20:05:30] [debug] [ws_agent] socket data 11 {"pid":"c2s_heartbeat"}
[0000000d][2024-06-10 20:05:35] [debug] [ws_gate] ws message from:  11 , msg:  {"pid":"c2s_heartbeat"}
[0000000e][2024-06-10 20:05:35] [debug] [ws_agent] socket data 11 {"pid":"c2s_heartbeat"}
[0000000d][2024-06-10 20:05:40] [debug] [ws_gate] ws message from:  11 , msg:  {"pid":"c2s_heartbeat"}
[0000000e][2024-06-10 20:05:40] [debug] [ws_agent] socket data 11 {"pid":"c2s_heartbeat"}
[0000000d][2024-06-10 20:05:45] [debug] [ws_gate] ws message from:  11 , msg:  {"pid":"c2s_heartbeat"}
[0000000e][2024-06-10 20:05:45] [debug] [ws_agent] socket data 11 {"pid":"c2s_heartbeat"}
[0000000d][2024-06-10 20:05:50] [debug] [ws_gate] ws message from:  11 , msg:  {"pid":"c2s_heartbeat"}
[0000000e][2024-06-10 20:05:50] [debug] [ws_agent] socket data 11 {"pid":"c2s_heartbeat"}
[0000000d][2024-06-10 20:05:55] [debug] [ws_gate] ws message from:  11 , msg:  {"pid":"c2s_heartbeat"}
[0000000e][2024-06-10 20:05:55] [debug] [ws_agent] socket data 11 {"pid":"c2s_heartbeat"}
[0000000d][2024-06-10 20:06:00] [debug] [ws_gate] ws message from:  11 , msg:  {"pid":"c2s_heartbeat"}
[0000000e][2024-06-10 20:06:00] [debug] [ws_agent] socket data 11 {"pid":"c2s_heartbeat"}
[0000000d][2024-06-10 20:06:05] [debug] [ws_gate] ws message from:  11 , msg:  {"pid":"c2s_heartbeat"}
[0000000e][2024-06-10 20:06:05] [debug] [ws_agent] socket data 11 {"pid":"c2s_heartbeat"}
[0000000d][2024-06-10 20:06:10] [debug] [ws_gate] ws message from:  11 , msg:  {"pid":"c2s_heartbeat"}
[0000000e][2024-06-10 20:06:10] [debug] [ws_agent] socket data 11 {"pid":"c2s_heartbeat"}
[0000000d][2024-06-10 20:06:15] [debug] [ws_gate] ws message from:  11 , msg:  {"pid":"c2s_heartbeat"}
[0000000e][2024-06-10 20:06:15] [debug] [ws_agent] socket data 11 {"pid":"c2s_heartbeat"}
[0000000d][2024-06-10 20:06:20] [debug] [ws_gate] ws message from:  11 , msg:  {"pid":"c2s_heartbeat"}
[0000000e][2024-06-10 20:06:20] [debug] [ws_agent] socket data 11 {"pid":"c2s_heartbeat"}
[0000000d][2024-06-10 20:06:25] [debug] [ws_gate] ws message from:  11 , msg:  {"pid":"c2s_heartbeat"}
[0000000e][2024-06-10 20:06:25] [debug] [ws_agent] socket data 11 {"pid":"c2s_heartbeat"}
[0000000d][2024-06-10 20:06:30] [debug] [ws_gate] ws message from:  11 , msg:  {"pid":"c2s_heartbeat"}
[0000000e][2024-06-10 20:06:30] [debug] [ws_agent] socket data 11 {"pid":"c2s_heartbeat"}
[0000000d][2024-06-10 20:06:35] [debug] [ws_gate] ws message from:  11 , msg:  {"pid":"c2s_heartbeat"}
[0000000e][2024-06-10 20:06:35] [debug] [ws_agent] socket data 11 {"pid":"c2s_heartbeat"}
[0000000d][2024-06-10 20:06:40] [debug] [ws_gate] ws message from:  11 , msg:  {"pid":"c2s_heartbeat"}
[0000000e][2024-06-10 20:06:40] [debug] [ws_agent] socket data 11 {"pid":"c2s_heartbeat"}
[0000000d][2024-06-10 20:06:45] [debug] [ws_gate] ws message from:  11 , msg:  {"pid":"c2s_heartbeat"}
[0000000e][2024-06-10 20:06:45] [debug] [ws_agent] socket data 11 {"pid":"c2s_heartbeat"}
[0000000d][2024-06-10 20:06:50] [debug] [ws_gate] ws message from:  11 , msg:  {"pid":"c2s_heartbeat"}
[0000000e][2024-06-10 20:06:50] [debug] [ws_agent] socket data 11 {"pid":"c2s_heartbeat"}
[0000000d][2024-06-10 20:06:55] [debug] [ws_gate] ws message from:  11 , msg:  {"pid":"c2s_heartbeat"}
[0000000e][2024-06-10 20:06:55] [debug] [ws_agent] socket data 11 {"pid":"c2s_heartbeat"}
[0000000d][2024-06-10 20:07:00] [debug] [ws_gate] ws message from:  11 , msg:  {"pid":"c2s_heartbeat"}
[0000000e][2024-06-10 20:07:00] [debug] [ws_agent] socket data 11 {"pid":"c2s_heartbeat"}
[0000000d][2024-06-10 20:07:05] [debug] [ws_gate] ws message from:  11 , msg:  {"pid":"c2s_heartbeat"}
[0000000e][2024-06-10 20:07:05] [debug] [ws_agent] socket data 11 {"pid":"c2s_heartbeat"}
[0000000d][2024-06-10 20:07:10] [debug] [ws_gate] ws message from:  11 , msg:  {"pid":"c2s_heartbeat"}
[0000000e][2024-06-10 20:07:10] [debug] [ws_agent] socket data 11 {"pid":"c2s_heartbeat"}
[0000000d][2024-06-10 20:07:15] [debug] [ws_gate] ws message from:  11 , msg:  {"pid":"c2s_heartbeat"}
[0000000e][2024-06-10 20:07:15] [debug] [ws_agent] socket data 11 {"pid":"c2s_heartbeat"}
[0000000d][2024-06-10 20:07:20] [debug] [ws_gate] ws message from:  11 , msg:  {"pid":"c2s_heartbeat"}
[0000000e][2024-06-10 20:07:20] [debug] [ws_agent] socket data 11 {"pid":"c2s_heartbeat"}
[0000000d][2024-06-10 20:07:25] [debug] [ws_gate] ws message from:  11 , msg:  {"pid":"c2s_heartbeat"}
[0000000e][2024-06-10 20:07:25] [debug] [ws_agent] socket data 11 {"pid":"c2s_heartbeat"}
[0000000d][2024-06-10 20:07:30] [debug] [ws_gate] ws message from:  11 , msg:  {"pid":"c2s_heartbeat"}
[0000000e][2024-06-10 20:07:30] [debug] [ws_agent] socket data 11 {"pid":"c2s_heartbeat"}
[0000000d][2024-06-10 20:07:35] [debug] [ws_gate] ws message from:  11 , msg:  {"pid":"c2s_heartbeat"}
[0000000e][2024-06-10 20:07:35] [debug] [ws_agent] socket data 11 {"pid":"c2s_heartbeat"}
[0000000d][2024-06-10 20:07:40] [debug] [ws_gate] ws message from:  11 , msg:  {"pid":"c2s_heartbeat"}
[0000000e][2024-06-10 20:07:40] [debug] [ws_agent] socket data 11 {"pid":"c2s_heartbeat"}
[0000000d][2024-06-10 20:07:45] [debug] [ws_gate] ws message from:  11 , msg:  {"pid":"c2s_heartbeat"}
[0000000e][2024-06-10 20:07:45] [debug] [ws_agent] socket data 11 {"pid":"c2s_heartbeat"}
[0000000d][2024-06-10 20:07:50] [debug] [ws_gate] ws message from:  11 , msg:  {"pid":"c2s_heartbeat"}
[0000000e][2024-06-10 20:07:50] [debug] [ws_agent] socket data 11 {"pid":"c2s_heartbeat"}
[0000000d][2024-06-10 20:07:55] [debug] [ws_gate] ws message from:  11 , msg:  {"pid":"c2s_heartbeat"}
[0000000e][2024-06-10 20:07:55] [debug] [ws_agent] socket data 11 {"pid":"c2s_heartbeat"}
[0000000d][2024-06-10 20:08:00] [debug] [ws_gate] ws message from:  11 , msg:  {"pid":"c2s_heartbeat"}
[0000000e][2024-06-10 20:08:00] [debug] [ws_agent] socket data 11 {"pid":"c2s_heartbeat"}
[0000000d][2024-06-10 20:08:05] [debug] [ws_gate] ws message from:  11 , msg:  {"pid":"c2s_heartbeat"}
[0000000e][2024-06-10 20:08:05] [debug] [ws_agent] socket data 11 {"pid":"c2s_heartbeat"}
[0000000d][2024-06-10 20:08:10] [debug] [ws_gate] ws message from:  11 , msg:  {"pid":"c2s_heartbeat"}
[0000000e][2024-06-10 20:08:10] [debug] [ws_agent] socket data 11 {"pid":"c2s_heartbeat"}
[0000000d][2024-06-10 20:08:15] [debug] [ws_gate] ws message from:  11 , msg:  {"pid":"c2s_heartbeat"}
[0000000e][2024-06-10 20:08:15] [debug] [ws_agent] socket data 11 {"pid":"c2s_heartbeat"}
[0000000d][2024-06-10 20:08:20] [debug] [ws_gate] ws message from:  11 , msg:  {"pid":"c2s_heartbeat"}
[0000000e][2024-06-10 20:08:20] [debug] [ws_agent] socket data 11 {"pid":"c2s_heartbeat"}
[0000000d][2024-06-10 20:08:25] [debug] [ws_gate] ws message from:  11 , msg:  {"pid":"c2s_heartbeat"}
[0000000e][2024-06-10 20:08:25] [debug] [ws_agent] socket data 11 {"pid":"c2s_heartbeat"}
[0000000d][2024-06-10 20:08:30] [debug] [ws_gate] ws message from:  11 , msg:  {"pid":"c2s_heartbeat"}
[0000000e][2024-06-10 20:08:30] [debug] [ws_agent] socket data 11 {"pid":"c2s_heartbeat"}
[0000000d][2024-06-10 20:08:35] [debug] [ws_gate] ws message from:  11 , msg:  {"pid":"c2s_heartbeat"}
[0000000e][2024-06-10 20:08:35] [debug] [ws_agent] socket data 11 {"pid":"c2s_heartbeat"}
[0000000d][2024-06-10 20:08:40] [debug] [ws_gate] ws message from:  11 , msg:  {"pid":"c2s_heartbeat"}
[0000000e][2024-06-10 20:08:40] [debug] [ws_agent] socket data 11 {"pid":"c2s_heartbeat"}
[0000000d][2024-06-10 20:08:45] [debug] [ws_gate] ws message from:  11 , msg:  {"pid":"c2s_heartbeat"}
[0000000e][2024-06-10 20:08:45] [debug] [ws_agent] socket data 11 {"pid":"c2s_heartbeat"}
[0000000d][2024-06-10 20:08:50] [debug] [ws_gate] ws message from:  11 , msg:  {"pid":"c2s_heartbeat"}
[0000000e][2024-06-10 20:08:50] [debug] [ws_agent] socket data 11 {"pid":"c2s_heartbeat"}
[0000000d][2024-06-10 20:08:55] [debug] [ws_gate] ws message from:  11 , msg:  {"pid":"c2s_heartbeat"}
[0000000e][2024-06-10 20:08:55] [debug] [ws_agent] socket data 11 {"pid":"c2s_heartbeat"}
[0000000d][2024-06-10 20:09:00] [debug] [ws_gate] ws message from:  11 , msg:  {"pid":"c2s_heartbeat"}
[0000000e][2024-06-10 20:09:00] [debug] [ws_agent] socket data 11 {"pid":"c2s_heartbeat"}
[0000000d][2024-06-10 20:09:05] [debug] [ws_gate] ws message from:  11 , msg:  {"pid":"c2s_heartbeat"}
[0000000e][2024-06-10 20:09:05] [debug] [ws_agent] socket data 11 {"pid":"c2s_heartbeat"}
[0000000d][2024-06-10 20:09:10] [debug] [ws_gate] ws message from:  11 , msg:  {"pid":"c2s_heartbeat"}
[0000000e][2024-06-10 20:09:10] [debug] [ws_agent] socket data 11 {"pid":"c2s_heartbeat"}
[0000000d][2024-06-10 20:09:15] [debug] [ws_gate] ws message from:  11 , msg:  {"pid":"c2s_heartbeat"}
[0000000e][2024-06-10 20:09:15] [debug] [ws_agent] socket data 11 {"pid":"c2s_heartbeat"}
[0000000d][2024-06-10 20:09:20] [debug] [ws_gate] ws message from:  11 , msg:  {"pid":"c2s_heartbeat"}
[0000000e][2024-06-10 20:09:20] [debug] [ws_agent] socket data 11 {"pid":"c2s_heartbeat"}
[0000000d][2024-06-10 20:09:25] [debug] [ws_gate] ws message from:  11 , msg:  {"pid":"c2s_heartbeat"}
[0000000e][2024-06-10 20:09:25] [debug] [ws_agent] socket data 11 {"pid":"c2s_heartbeat"}
[0000000d][2024-06-10 20:09:30] [debug] [ws_gate] ws message from:  11 , msg:  {"pid":"c2s_heartbeat"}
[0000000e][2024-06-10 20:09:30] [debug] [ws_agent] socket data 11 {"pid":"c2s_heartbeat"}
[0000000d][2024-06-10 20:09:35] [debug] [ws_gate] ws message from:  11 , msg:  {"pid":"c2s_heartbeat"}
[0000000e][2024-06-10 20:09:35] [debug] [ws_agent] socket data 11 {"pid":"c2s_heartbeat"}
[0000000d][2024-06-10 20:09:40] [debug] [ws_gate] ws message from:  11 , msg:  {"pid":"c2s_heartbeat"}
[0000000e][2024-06-10 20:09:40] [debug] [ws_agent] socket data 11 {"pid":"c2s_heartbeat"}
[0000000d][2024-06-10 20:09:45] [debug] [ws_gate] ws message from:  11 , msg:  {"pid":"c2s_heartbeat"}
[0000000e][2024-06-10 20:09:45] [debug] [ws_agent] socket data 11 {"pid":"c2s_heartbeat"}
[0000000d][2024-06-10 20:09:50] [debug] [ws_gate] ws message from:  11 , msg:  {"pid":"c2s_heartbeat"}
[0000000e][2024-06-10 20:09:50] [debug] [ws_agent] socket data 11 {"pid":"c2s_heartbeat"}
[0000000d][2024-06-10 20:09:55] [debug] [ws_gate] ws message from:  11 , msg:  {"pid":"c2s_heartbeat"}
[0000000e][2024-06-10 20:09:55] [debug] [ws_agent] socket data 11 {"pid":"c2s_heartbeat"}
[0000000d][2024-06-10 20:10:00] [debug] [ws_gate] ws message from:  11 , msg:  {"pid":"c2s_heartbeat"}
[0000000e][2024-06-10 20:10:00] [debug] [ws_agent] socket data 11 {"pid":"c2s_heartbeat"}
[0000000d][2024-06-10 20:10:05] [debug] [ws_gate] ws message from:  11 , msg:  {"pid":"c2s_heartbeat"}
[0000000e][2024-06-10 20:10:05] [debug] [ws_agent] socket data 11 {"pid":"c2s_heartbeat"}
[0000000d][2024-06-10 20:10:10] [debug] [ws_gate] ws message from:  11 , msg:  {"pid":"c2s_heartbeat"}
[0000000e][2024-06-10 20:10:10] [debug] [ws_agent] socket data 11 {"pid":"c2s_heartbeat"}
[0000000d][2024-06-10 20:10:15] [debug] [ws_gate] ws message from:  11 , msg:  {"pid":"c2s_heartbeat"}
[0000000e][2024-06-10 20:10:15] [debug] [ws_agent] socket data 11 {"pid":"c2s_heartbeat"}
[0000000d][2024-06-10 20:10:20] [debug] [ws_gate] ws message from:  11 , msg:  {"pid":"c2s_heartbeat"}
[0000000e][2024-06-10 20:10:20] [debug] [ws_agent] socket data 11 {"pid":"c2s_heartbeat"}
[0000000d][2024-06-10 20:10:25] [debug] [ws_gate] ws message from:  11 , msg:  {"pid":"c2s_heartbeat"}
[0000000e][2024-06-10 20:10:25] [debug] [ws_agent] socket data 11 {"pid":"c2s_heartbeat"}
[0000000d][2024-06-10 20:10:30] [debug] [ws_gate] ws message from:  11 , msg:  {"pid":"c2s_heartbeat"}
[0000000e][2024-06-10 20:10:30] [debug] [ws_agent] socket data 11 {"pid":"c2s_heartbeat"}
[0000000d][2024-06-10 20:10:35] [debug] [ws_gate] ws message from:  11 , msg:  {"pid":"c2s_heartbeat"}
[0000000e][2024-06-10 20:10:35] [debug] [ws_agent] socket data 11 {"pid":"c2s_heartbeat"}
[0000000d][2024-06-10 20:10:40] [debug] [ws_gate] ws message from:  11 , msg:  {"pid":"c2s_heartbeat"}
[0000000e][2024-06-10 20:10:40] [debug] [ws_agent] socket data 11 {"pid":"c2s_heartbeat"}
[0000000d][2024-06-10 20:10:45] [debug] [ws_gate] ws message from:  11 , msg:  {"pid":"c2s_heartbeat"}
[0000000e][2024-06-10 20:10:45] [debug] [ws_agent] socket data 11 {"pid":"c2s_heartbeat"}
[0000000d][2024-06-10 20:10:50] [debug] [ws_gate] ws message from:  11 , msg:  {"pid":"c2s_heartbeat"}
[0000000e][2024-06-10 20:10:50] [debug] [ws_agent] socket data 11 {"pid":"c2s_heartbeat"}
[0000000d][2024-06-10 20:10:55] [debug] [ws_gate] ws message from:  11 , msg:  {"pid":"c2s_heartbeat"}
[0000000e][2024-06-10 20:10:55] [debug] [ws_agent] socket data 11 {"pid":"c2s_heartbeat"}
[0000000d][2024-06-10 20:11:00] [debug] [ws_gate] ws message from:  11 , msg:  {"pid":"c2s_heartbeat"}
[0000000e][2024-06-10 20:11:00] [debug] [ws_agent] socket data 11 {"pid":"c2s_heartbeat"}
[0000000d][2024-06-10 20:11:05] [debug] [ws_gate] ws message from:  11 , msg:  {"pid":"c2s_heartbeat"}
[0000000e][2024-06-10 20:11:05] [debug] [ws_agent] socket data 11 {"pid":"c2s_heartbeat"}
[0000000d][2024-06-10 20:11:10] [debug] [ws_gate] ws message from:  11 , msg:  {"pid":"c2s_heartbeat"}
[0000000e][2024-06-10 20:11:10] [debug] [ws_agent] socket data 11 {"pid":"c2s_heartbeat"}
[0000000d][2024-06-10 20:11:15] [debug] [ws_gate] ws message from:  11 , msg:  {"pid":"c2s_heartbeat"}
[0000000e][2024-06-10 20:11:15] [debug] [ws_agent] socket data 11 {"pid":"c2s_heartbeat"}
[0000000d][2024-06-10 20:11:20] [debug] [ws_gate] ws message from:  11 , msg:  {"pid":"c2s_heartbeat"}
[0000000e][2024-06-10 20:11:20] [debug] [ws_agent] socket data 11 {"pid":"c2s_heartbeat"}
[0000000d][2024-06-10 20:11:25] [debug] [ws_gate] ws message from:  11 , msg:  {"pid":"c2s_heartbeat"}
[0000000e][2024-06-10 20:11:25] [debug] [ws_agent] socket data 11 {"pid":"c2s_heartbeat"}
[0000000d][2024-06-10 20:11:30] [debug] [ws_gate] ws message from:  11 , msg:  {"pid":"c2s_heartbeat"}
[0000000e][2024-06-10 20:11:30] [debug] [ws_agent] socket data 11 {"pid":"c2s_heartbeat"}
[0000000d][2024-06-10 20:11:35] [debug] [ws_gate] ws message from:  11 , msg:  {"pid":"c2s_heartbeat"}
[0000000e][2024-06-10 20:11:35] [debug] [ws_agent] socket data 11 {"pid":"c2s_heartbeat"}
[0000000d][2024-06-10 20:11:40] [debug] [ws_gate] ws message from:  11 , msg:  {"pid":"c2s_heartbeat"}
[0000000e][2024-06-10 20:11:40] [debug] [ws_agent] socket data 11 {"pid":"c2s_heartbeat"}
[0000000d][2024-06-10 20:11:45] [debug] [ws_gate] ws message from:  11 , msg:  {"pid":"c2s_heartbeat"}
[0000000e][2024-06-10 20:11:45] [debug] [ws_agent] socket data 11 {"pid":"c2s_heartbeat"}
[0000000d][2024-06-10 20:11:50] [debug] [ws_gate] ws message from:  11 , msg:  {"pid":"c2s_heartbeat"}
[0000000e][2024-06-10 20:11:50] [debug] [ws_agent] socket data 11 {"pid":"c2s_heartbeat"}
[0000000d][2024-06-10 20:11:55] [debug] [ws_gate] ws message from:  11 , msg:  {"pid":"c2s_heartbeat"}
[0000000e][2024-06-10 20:11:55] [debug] [ws_agent] socket data 11 {"pid":"c2s_heartbeat"}
[0000000d][2024-06-10 20:12:00] [debug] [ws_gate] ws message from:  11 , msg:  {"pid":"c2s_heartbeat"}
[0000000e][2024-06-10 20:12:00] [debug] [ws_agent] socket data 11 {"pid":"c2s_heartbeat"}
[0000000d][2024-06-10 20:12:05] [debug] [ws_gate] ws message from:  11 , msg:  {"pid":"c2s_heartbeat"}
[0000000e][2024-06-10 20:12:05] [debug] [ws_agent] socket data 11 {"pid":"c2s_heartbeat"}
[0000000d][2024-06-10 20:12:10] [debug] [ws_gate] ws message from:  11 , msg:  {"pid":"c2s_heartbeat"}
[0000000e][2024-06-10 20:12:10] [debug] [ws_agent] socket data 11 {"pid":"c2s_heartbeat"}
[0000000d][2024-06-10 20:12:15] [debug] [ws_gate] ws message from:  11 , msg:  {"pid":"c2s_heartbeat"}
[0000000e][2024-06-10 20:12:15] [debug] [ws_agent] socket data 11 {"pid":"c2s_heartbeat"}
[0000000d][2024-06-10 20:12:20] [debug] [ws_gate] ws message from:  11 , msg:  {"pid":"c2s_heartbeat"}
[0000000e][2024-06-10 20:12:20] [debug] [ws_agent] socket data 11 {"pid":"c2s_heartbeat"}
[0000000d][2024-06-10 20:12:25] [debug] [ws_gate] ws message from:  11 , msg:  {"pid":"c2s_heartbeat"}
[0000000e][2024-06-10 20:12:25] [debug] [ws_agent] socket data 11 {"pid":"c2s_heartbeat"}
[0000000d][2024-06-10 20:12:30] [debug] [ws_gate] ws message from:  11 , msg:  {"pid":"c2s_heartbeat"}
[0000000e][2024-06-10 20:12:30] [debug] [ws_agent] socket data 11 {"pid":"c2s_heartbeat"}
[0000000d][2024-06-10 20:12:35] [debug] [ws_gate] ws message from:  11 , msg:  {"pid":"c2s_heartbeat"}
[0000000e][2024-06-10 20:12:35] [debug] [ws_agent] socket data 11 {"pid":"c2s_heartbeat"}
[0000000d][2024-06-10 20:12:40] [debug] [ws_gate] ws message from:  11 , msg:  {"pid":"c2s_heartbeat"}
[0000000e][2024-06-10 20:12:40] [debug] [ws_agent] socket data 11 {"pid":"c2s_heartbeat"}
[0000000d][2024-06-10 20:12:45] [debug] [ws_gate] ws message from:  11 , msg:  {"pid":"c2s_heartbeat"}
[0000000e][2024-06-10 20:12:45] [debug] [ws_agent] socket data 11 {"pid":"c2s_heartbeat"}
[0000000d][2024-06-10 20:12:50] [debug] [ws_gate] ws message from:  11 , msg:  {"pid":"c2s_heartbeat"}
[0000000e][2024-06-10 20:12:50] [debug] [ws_agent] socket data 11 {"pid":"c2s_heartbeat"}
[0000000d][2024-06-10 20:12:55] [debug] [ws_gate] ws message from:  11 , msg:  {"pid":"c2s_heartbeat"}
[0000000e][2024-06-10 20:12:55] [debug] [ws_agent] socket data 11 {"pid":"c2s_heartbeat"}
[0000000d][2024-06-10 20:13:00] [debug] [ws_gate] ws message from:  11 , msg:  {"pid":"c2s_heartbeat"}
[0000000e][2024-06-10 20:13:00] [debug] [ws_agent] socket data 11 {"pid":"c2s_heartbeat"}
[0000000d][2024-06-10 20:13:05] [debug] [ws_gate] ws message from:  11 , msg:  {"pid":"c2s_heartbeat"}
[0000000e][2024-06-10 20:13:05] [debug] [ws_agent] socket data 11 {"pid":"c2s_heartbeat"}
[0000000d][2024-06-10 20:13:10] [debug] [ws_gate] ws message from:  11 , msg:  {"pid":"c2s_heartbeat"}
[0000000e][2024-06-10 20:13:10] [debug] [ws_agent] socket data 11 {"pid":"c2s_heartbeat"}
[0000000d][2024-06-10 20:13:15] [debug] [ws_gate] ws message from:  11 , msg:  {"pid":"c2s_heartbeat"}
[0000000e][2024-06-10 20:13:15] [debug] [ws_agent] socket data 11 {"pid":"c2s_heartbeat"}
[0000000d][2024-06-10 20:13:20] [debug] [ws_gate] ws message from:  11 , msg:  {"pid":"c2s_heartbeat"}
[0000000e][2024-06-10 20:13:20] [debug] [ws_agent] socket data 11 {"pid":"c2s_heartbeat"}
[0000000d][2024-06-10 20:13:25] [debug] [ws_gate] ws message from:  11 , msg:  {"pid":"c2s_heartbeat"}
[0000000e][2024-06-10 20:13:25] [debug] [ws_agent] socket data 11 {"pid":"c2s_heartbeat"}
[0000000d][2024-06-10 20:13:30] [debug] [ws_gate] ws message from:  11 , msg:  {"pid":"c2s_heartbeat"}
[0000000e][2024-06-10 20:13:30] [debug] [ws_agent] socket data 11 {"pid":"c2s_heartbeat"}
[0000000d][2024-06-10 20:13:35] [debug] [ws_gate] ws message from:  11 , msg:  {"pid":"c2s_heartbeat"}
[0000000e][2024-06-10 20:13:35] [debug] [ws_agent] socket data 11 {"pid":"c2s_heartbeat"}
[0000000d][2024-06-10 20:13:40] [debug] [ws_gate] ws message from:  11 , msg:  {"pid":"c2s_heartbeat"}
[0000000e][2024-06-10 20:13:40] [debug] [ws_agent] socket data 11 {"pid":"c2s_heartbeat"}
[0000000d][2024-06-10 20:13:45] [debug] [ws_gate] ws message from:  11 , msg:  {"pid":"c2s_heartbeat"}
[0000000e][2024-06-10 20:13:45] [debug] [ws_agent] socket data 11 {"pid":"c2s_heartbeat"}
[0000000d][2024-06-10 20:13:50] [debug] [ws_gate] ws message from:  11 , msg:  {"pid":"c2s_heartbeat"}
[0000000e][2024-06-10 20:13:50] [debug] [ws_agent] socket data 11 {"pid":"c2s_heartbeat"}
[0000000d][2024-06-10 20:13:55] [debug] [ws_gate] ws message from:  11 , msg:  {"pid":"c2s_heartbeat"}
[0000000e][2024-06-10 20:13:55] [debug] [ws_agent] socket data 11 {"pid":"c2s_heartbeat"}
[0000000d][2024-06-10 20:14:00] [debug] [ws_gate] ws message from:  11 , msg:  {"pid":"c2s_heartbeat"}
[0000000e][2024-06-10 20:14:00] [debug] [ws_agent] socket data 11 {"pid":"c2s_heartbeat"}
[0000000d][2024-06-10 20:14:05] [debug] [ws_gate] ws message from:  11 , msg:  {"pid":"c2s_heartbeat"}
[0000000e][2024-06-10 20:14:05] [debug] [ws_agent] socket data 11 {"pid":"c2s_heartbeat"}
[0000000d][2024-06-10 20:14:10] [debug] [ws_gate] ws message from:  11 , msg:  {"pid":"c2s_heartbeat"}
[0000000e][2024-06-10 20:14:10] [debug] [ws_agent] socket data 11 {"pid":"c2s_heartbeat"}
[0000000d][2024-06-10 20:14:15] [debug] [ws_gate] ws message from:  11 , msg:  {"pid":"c2s_heartbeat"}
[0000000e][2024-06-10 20:14:15] [debug] [ws_agent] socket data 11 {"pid":"c2s_heartbeat"}
[0000000d][2024-06-10 20:14:20] [debug] [ws_gate] ws message from:  11 , msg:  {"pid":"c2s_heartbeat"}
[0000000e][2024-06-10 20:14:20] [debug] [ws_agent] socket data 11 {"pid":"c2s_heartbeat"}
[0000000d][2024-06-10 20:14:25] [debug] [ws_gate] ws message from:  11 , msg:  {"pid":"c2s_heartbeat"}
[0000000e][2024-06-10 20:14:25] [debug] [ws_agent] socket data 11 {"pid":"c2s_heartbeat"}
[0000000d][2024-06-10 20:14:30] [debug] [ws_gate] ws message from:  11 , msg:  {"pid":"c2s_heartbeat"}
[0000000e][2024-06-10 20:14:30] [debug] [ws_agent] socket data 11 {"pid":"c2s_heartbeat"}
[0000000d][2024-06-10 20:14:35] [debug] [ws_gate] ws message from:  11 , msg:  {"pid":"c2s_heartbeat"}
[0000000e][2024-06-10 20:14:35] [debug] [ws_agent] socket data 11 {"pid":"c2s_heartbeat"}
[0000000d][2024-06-10 20:14:40] [debug] [ws_gate] ws message from:  11 , msg:  {"pid":"c2s_heartbeat"}
[0000000e][2024-06-10 20:14:40] [debug] [ws_agent] socket data 11 {"pid":"c2s_heartbeat"}
[0000000d][2024-06-10 20:14:45] [debug] [ws_gate] ws message from:  11 , msg:  {"pid":"c2s_heartbeat"}
[0000000e][2024-06-10 20:14:45] [debug] [ws_agent] socket data 11 {"pid":"c2s_heartbeat"}
[0000000d][2024-06-10 20:14:50] [debug] [ws_gate] ws message from:  11 , msg:  {"pid":"c2s_heartbeat"}
[0000000e][2024-06-10 20:14:50] [debug] [ws_agent] socket data 11 {"pid":"c2s_heartbeat"}
[0000000d][2024-06-10 20:14:55] [debug] [ws_gate] ws message from:  11 , msg:  {"pid":"c2s_heartbeat"}
[0000000e][2024-06-10 20:14:55] [debug] [ws_agent] socket data 11 {"pid":"c2s_heartbeat"}
[0000000d][2024-06-10 20:15:00] [debug] [ws_gate] ws message from:  11 , msg:  {"pid":"c2s_heartbeat"}
[0000000e][2024-06-10 20:15:00] [debug] [ws_agent] socket data 11 {"pid":"c2s_heartbeat"}
[0000000d][2024-06-10 20:15:05] [debug] [ws_gate] ws message from:  11 , msg:  {"pid":"c2s_heartbeat"}
[0000000e][2024-06-10 20:15:05] [debug] [ws_agent] socket data 11 {"pid":"c2s_heartbeat"}
[0000000d][2024-06-10 20:15:10] [debug] [ws_gate] ws message from:  11 , msg:  {"pid":"c2s_heartbeat"}
[0000000e][2024-06-10 20:15:10] [debug] [ws_agent] socket data 11 {"pid":"c2s_heartbeat"}
[0000000d][2024-06-10 20:15:15] [debug] [ws_gate] ws message from:  11 , msg:  {"pid":"c2s_heartbeat"}
[0000000e][2024-06-10 20:15:15] [debug] [ws_agent] socket data 11 {"pid":"c2s_heartbeat"}
[0000000d][2024-06-10 20:15:20] [debug] [ws_gate] ws message from:  11 , msg:  {"pid":"c2s_heartbeat"}
[0000000e][2024-06-10 20:15:20] [debug] [ws_agent] socket data 11 {"pid":"c2s_heartbeat"}
[0000000d][2024-06-10 20:15:25] [debug] [ws_gate] ws message from:  11 , msg:  {"pid":"c2s_heartbeat"}
[0000000e][2024-06-10 20:15:25] [debug] [ws_agent] socket data 11 {"pid":"c2s_heartbeat"}
[0000000d][2024-06-10 20:15:30] [debug] [ws_gate] ws message from:  11 , msg:  {"pid":"c2s_heartbeat"}
[0000000e][2024-06-10 20:15:30] [debug] [ws_agent] socket data 11 {"pid":"c2s_heartbeat"}
[0000000d][2024-06-10 20:15:35] [debug] [ws_gate] ws message from:  11 , msg:  {"pid":"c2s_heartbeat"}
[0000000e][2024-06-10 20:15:35] [debug] [ws_agent] socket data 11 {"pid":"c2s_heartbeat"}
[0000000d][2024-06-10 20:15:40] [debug] [ws_gate] ws message from:  11 , msg:  {"pid":"c2s_heartbeat"}
[0000000e][2024-06-10 20:15:40] [debug] [ws_agent] socket data 11 {"pid":"c2s_heartbeat"}
[0000000d][2024-06-10 20:15:45] [debug] [ws_gate] ws message from:  11 , msg:  {"pid":"c2s_heartbeat"}
[0000000e][2024-06-10 20:15:45] [debug] [ws_agent] socket data 11 {"pid":"c2s_heartbeat"}
[0000000d][2024-06-10 20:15:50] [debug] [ws_gate] ws message from:  11 , msg:  {"pid":"c2s_heartbeat"}
[0000000e][2024-06-10 20:15:50] [debug] [ws_agent] socket data 11 {"pid":"c2s_heartbeat"}
[0000000d][2024-06-10 20:15:55] [debug] [ws_gate] ws message from:  11 , msg:  {"pid":"c2s_heartbeat"}
[0000000e][2024-06-10 20:15:55] [debug] [ws_agent] socket data 11 {"pid":"c2s_heartbeat"}
[0000000d][2024-06-10 20:16:00] [debug] [ws_gate] ws message from:  11 , msg:  {"pid":"c2s_heartbeat"}
[0000000e][2024-06-10 20:16:00] [debug] [ws_agent] socket data 11 {"pid":"c2s_heartbeat"}
[0000000d][2024-06-10 20:16:05] [debug] [ws_gate] ws message from:  11 , msg:  {"pid":"c2s_heartbeat"}
[0000000e][2024-06-10 20:16:05] [debug] [ws_agent] socket data 11 {"pid":"c2s_heartbeat"}
[0000000d][2024-06-10 20:16:10] [debug] [ws_gate] ws message from:  11 , msg:  {"pid":"c2s_heartbeat"}
[0000000e][2024-06-10 20:16:10] [debug] [ws_agent] socket data 11 {"pid":"c2s_heartbeat"}
[0000000d][2024-06-10 20:16:15] [debug] [ws_gate] ws message from:  11 , msg:  {"pid":"c2s_heartbeat"}
[0000000e][2024-06-10 20:16:15] [debug] [ws_agent] socket data 11 {"pid":"c2s_heartbeat"}
[0000000d][2024-06-10 20:16:20] [debug] [ws_gate] ws message from:  11 , msg:  {"pid":"c2s_heartbeat"}
[0000000e][2024-06-10 20:16:20] [debug] [ws_agent] socket data 11 {"pid":"c2s_heartbeat"}
[0000000d][2024-06-10 20:16:25] [debug] [ws_gate] ws message from:  11 , msg:  {"pid":"c2s_heartbeat"}
[0000000e][2024-06-10 20:16:25] [debug] [ws_agent] socket data 11 {"pid":"c2s_heartbeat"}
[0000000d][2024-06-10 20:16:30] [debug] [ws_gate] ws message from:  11 , msg:  {"pid":"c2s_heartbeat"}
[0000000e][2024-06-10 20:16:30] [debug] [ws_agent] socket data 11 {"pid":"c2s_heartbeat"}
[0000000d][2024-06-10 20:16:35] [debug] [ws_gate] ws message from:  11 , msg:  {"pid":"c2s_heartbeat"}
[0000000e][2024-06-10 20:16:35] [debug] [ws_agent] socket data 11 {"pid":"c2s_heartbeat"}
[0000000d][2024-06-10 20:16:40] [debug] [ws_gate] ws message from:  11 , msg:  {"pid":"c2s_heartbeat"}
[0000000e][2024-06-10 20:16:40] [debug] [ws_agent] socket data 11 {"pid":"c2s_heartbeat"}
[0000000d][2024-06-10 20:16:45] [debug] [ws_gate] ws message from:  11 , msg:  {"pid":"c2s_heartbeat"}
[0000000e][2024-06-10 20:16:45] [debug] [ws_agent] socket data 11 {"pid":"c2s_heartbeat"}
[0000000d][2024-06-10 20:16:50] [debug] [ws_gate] ws message from:  11 , msg:  {"pid":"c2s_heartbeat"}
[0000000e][2024-06-10 20:16:50] [debug] [ws_agent] socket data 11 {"pid":"c2s_heartbeat"}
[0000000d][2024-06-10 20:16:55] [debug] [ws_gate] ws message from:  11 , msg:  {"pid":"c2s_heartbeat"}
[0000000e][2024-06-10 20:16:55] [debug] [ws_agent] socket data 11 {"pid":"c2s_heartbeat"}
[0000000d][2024-06-10 20:17:00] [debug] [ws_gate] ws message from:  11 , msg:  {"pid":"c2s_heartbeat"}
[0000000e][2024-06-10 20:17:00] [debug] [ws_agent] socket data 11 {"pid":"c2s_heartbeat"}
[0000000d][2024-06-10 20:17:05] [debug] [ws_gate] ws message from:  11 , msg:  {"pid":"c2s_heartbeat"}
[0000000e][2024-06-10 20:17:05] [debug] [ws_agent] socket data 11 {"pid":"c2s_heartbeat"}
[0000000d][2024-06-10 20:17:10] [debug] [ws_gate] ws message from:  11 , msg:  {"pid":"c2s_heartbeat"}
[0000000e][2024-06-10 20:17:10] [debug] [ws_agent] socket data 11 {"pid":"c2s_heartbeat"}
[0000000d][2024-06-10 20:17:15] [debug] [ws_gate] ws message from:  11 , msg:  {"pid":"c2s_heartbeat"}
[0000000e][2024-06-10 20:17:15] [debug] [ws_agent] socket data 11 {"pid":"c2s_heartbeat"}
[0000000d][2024-06-10 20:17:20] [debug] [ws_gate] ws message from:  11 , msg:  {"pid":"c2s_heartbeat"}
[0000000e][2024-06-10 20:17:20] [debug] [ws_agent] socket data 11 {"pid":"c2s_heartbeat"}
[0000000d][2024-06-10 20:17:25] [debug] [ws_gate] ws message from:  11 , msg:  {"pid":"c2s_heartbeat"}
[0000000e][2024-06-10 20:17:25] [debug] [ws_agent] socket data 11 {"pid":"c2s_heartbeat"}
[0000000d][2024-06-10 20:17:30] [debug] [ws_gate] ws message from:  11 , msg:  {"pid":"c2s_heartbeat"}
[0000000e][2024-06-10 20:17:30] [debug] [ws_agent] socket data 11 {"pid":"c2s_heartbeat"}
[0000000d][2024-06-10 20:17:35] [debug] [ws_gate] ws message from:  11 , msg:  {"pid":"c2s_heartbeat"}
[0000000e][2024-06-10 20:17:35] [debug] [ws_agent] socket data 11 {"pid":"c2s_heartbeat"}
[0000000d][2024-06-10 20:17:40] [debug] [ws_gate] ws message from:  11 , msg:  {"pid":"c2s_heartbeat"}
[0000000e][2024-06-10 20:17:40] [debug] [ws_agent] socket data 11 {"pid":"c2s_heartbeat"}
[0000000d][2024-06-10 20:17:45] [debug] [ws_gate] ws message from:  11 , msg:  {"pid":"c2s_heartbeat"}
[0000000e][2024-06-10 20:17:45] [debug] [ws_agent] socket data 11 {"pid":"c2s_heartbeat"}
[0000000d][2024-06-10 20:17:50] [debug] [ws_gate] ws message from:  11 , msg:  {"pid":"c2s_heartbeat"}
[0000000e][2024-06-10 20:17:50] [debug] [ws_agent] socket data 11 {"pid":"c2s_heartbeat"}
[0000000d][2024-06-10 20:17:55] [debug] [ws_gate] ws message from:  11 , msg:  {"pid":"c2s_heartbeat"}
[0000000e][2024-06-10 20:17:55] [debug] [ws_agent] socket data 11 {"pid":"c2s_heartbeat"}
[0000000d][2024-06-10 20:18:00] [debug] [ws_gate] ws message from:  11 , msg:  {"pid":"c2s_heartbeat"}
[0000000e][2024-06-10 20:18:00] [debug] [ws_agent] socket data 11 {"pid":"c2s_heartbeat"}
[0000000d][2024-06-10 20:18:05] [debug] [ws_gate] ws message from:  11 , msg:  {"pid":"c2s_heartbeat"}
[0000000e][2024-06-10 20:18:05] [debug] [ws_agent] socket data 11 {"pid":"c2s_heartbeat"}
[0000000d][2024-06-10 20:18:10] [debug] [ws_gate] ws message from:  11 , msg:  {"pid":"c2s_heartbeat"}
[0000000e][2024-06-10 20:18:10] [debug] [ws_agent] socket data 11 {"pid":"c2s_heartbeat"}
[0000000d][2024-06-10 20:18:15] [debug] [ws_gate] ws message from:  11 , msg:  {"pid":"c2s_heartbeat"}
[0000000e][2024-06-10 20:18:15] [debug] [ws_agent] socket data 11 {"pid":"c2s_heartbeat"}
[0000000d][2024-06-10 20:18:20] [debug] [ws_gate] ws message from:  11 , msg:  {"pid":"c2s_heartbeat"}
[0000000e][2024-06-10 20:18:20] [debug] [ws_agent] socket data 11 {"pid":"c2s_heartbeat"}
[0000000d][2024-06-10 20:18:25] [debug] [ws_gate] ws message from:  11 , msg:  {"pid":"c2s_heartbeat"}
[0000000e][2024-06-10 20:18:25] [debug] [ws_agent] socket data 11 {"pid":"c2s_heartbeat"}
[0000000d][2024-06-10 20:18:30] [debug] [ws_gate] ws message from:  11 , msg:  {"pid":"c2s_heartbeat"}
[0000000e][2024-06-10 20:18:30] [debug] [ws_agent] socket data 11 {"pid":"c2s_heartbeat"}
[0000000d][2024-06-10 20:18:35] [debug] [ws_gate] ws message from:  11 , msg:  {"pid":"c2s_heartbeat"}
[0000000e][2024-06-10 20:18:35] [debug] [ws_agent] socket data 11 {"pid":"c2s_heartbeat"}
[0000000d][2024-06-10 20:18:40] [debug] [ws_gate] ws message from:  11 , msg:  {"pid":"c2s_heartbeat"}
[0000000e][2024-06-10 20:18:40] [debug] [ws_agent] socket data 11 {"pid":"c2s_heartbeat"}
[0000000d][2024-06-10 20:18:45] [debug] [ws_gate] ws message from:  11 , msg:  {"pid":"c2s_heartbeat"}
[0000000e][2024-06-10 20:18:45] [debug] [ws_agent] socket data 11 {"pid":"c2s_heartbeat"}
[0000000d][2024-06-10 20:18:50] [debug] [ws_gate] ws message from:  11 , msg:  {"pid":"c2s_heartbeat"}
[0000000e][2024-06-10 20:18:50] [debug] [ws_agent] socket data 11 {"pid":"c2s_heartbeat"}
[0000000d][2024-06-10 20:18:55] [debug] [ws_gate] ws message from:  11 , msg:  {"pid":"c2s_heartbeat"}
[0000000e][2024-06-10 20:18:55] [debug] [ws_agent] socket data 11 {"pid":"c2s_heartbeat"}
[0000000d][2024-06-10 20:19:00] [debug] [ws_gate] ws message from:  11 , msg:  {"pid":"c2s_heartbeat"}
[0000000e][2024-06-10 20:19:00] [debug] [ws_agent] socket data 11 {"pid":"c2s_heartbeat"}
[0000000d][2024-06-10 20:19:05] [debug] [ws_gate] ws message from:  11 , msg:  {"pid":"c2s_heartbeat"}
[0000000e][2024-06-10 20:19:05] [debug] [ws_agent] socket data 11 {"pid":"c2s_heartbeat"}
[0000000d][2024-06-10 20:19:10] [debug] [ws_gate] ws message from:  11 , msg:  {"pid":"c2s_heartbeat"}
[0000000e][2024-06-10 20:19:10] [debug] [ws_agent] socket data 11 {"pid":"c2s_heartbeat"}
[0000000d][2024-06-10 20:19:15] [debug] [ws_gate] ws message from:  11 , msg:  {"pid":"c2s_heartbeat"}
[0000000e][2024-06-10 20:19:15] [debug] [ws_agent] socket data 11 {"pid":"c2s_heartbeat"}
[0000000d][2024-06-10 20:19:20] [debug] [ws_gate] ws message from:  11 , msg:  {"pid":"c2s_heartbeat"}
[0000000e][2024-06-10 20:19:20] [debug] [ws_agent] socket data 11 {"pid":"c2s_heartbeat"}
[0000000d][2024-06-10 20:19:25] [debug] [ws_gate] ws message from:  11 , msg:  {"pid":"c2s_heartbeat"}
[0000000e][2024-06-10 20:19:25] [debug] [ws_agent] socket data 11 {"pid":"c2s_heartbeat"}
[0000000d][2024-06-10 20:19:30] [debug] [ws_gate] ws message from:  11 , msg:  {"pid":"c2s_heartbeat"}
[0000000e][2024-06-10 20:19:30] [debug] [ws_agent] socket data 11 {"pid":"c2s_heartbeat"}
[0000000d][2024-06-10 20:19:35] [debug] [ws_gate] ws message from:  11 , msg:  {"pid":"c2s_heartbeat"}
[0000000e][2024-06-10 20:19:35] [debug] [ws_agent] socket data 11 {"pid":"c2s_heartbeat"}
[0000000d][2024-06-10 20:19:40] [debug] [ws_gate] ws message from:  11 , msg:  {"pid":"c2s_heartbeat"}
[0000000e][2024-06-10 20:19:40] [debug] [ws_agent] socket data 11 {"pid":"c2s_heartbeat"}
[0000000d][2024-06-10 20:19:45] [debug] [ws_gate] ws message from:  11 , msg:  {"pid":"c2s_heartbeat"}
[0000000e][2024-06-10 20:19:45] [debug] [ws_agent] socket data 11 {"pid":"c2s_heartbeat"}
[0000000d][2024-06-10 20:19:50] [debug] [ws_gate] ws message from:  11 , msg:  {"pid":"c2s_heartbeat"}
[0000000e][2024-06-10 20:19:50] [debug] [ws_agent] socket data 11 {"pid":"c2s_heartbeat"}
[0000000d][2024-06-10 20:19:55] [debug] [ws_gate] ws message from:  11 , msg:  {"pid":"c2s_heartbeat"}
[0000000e][2024-06-10 20:19:55] [debug] [ws_agent] socket data 11 {"pid":"c2s_heartbeat"}
[0000000d][2024-06-10 20:20:00] [debug] [ws_gate] ws message from:  11 , msg:  {"pid":"c2s_heartbeat"}
[0000000e][2024-06-10 20:20:00] [debug] [ws_agent] socket data 11 {"pid":"c2s_heartbeat"}
[0000000d][2024-06-10 20:20:05] [debug] [ws_gate] ws message from:  11 , msg:  {"pid":"c2s_heartbeat"}
[0000000e][2024-06-10 20:20:05] [debug] [ws_agent] socket data 11 {"pid":"c2s_heartbeat"}
[0000000d][2024-06-10 20:20:10] [debug] [ws_gate] ws message from:  11 , msg:  {"pid":"c2s_heartbeat"}
[0000000e][2024-06-10 20:20:10] [debug] [ws_agent] socket data 11 {"pid":"c2s_heartbeat"}
[0000000d][2024-06-10 20:20:15] [debug] [ws_gate] ws message from:  11 , msg:  {"pid":"c2s_heartbeat"}
[0000000e][2024-06-10 20:20:15] [debug] [ws_agent] socket data 11 {"pid":"c2s_heartbeat"}
[0000000d][2024-06-10 20:20:20] [debug] [ws_gate] ws message from:  11 , msg:  {"pid":"c2s_heartbeat"}
[0000000e][2024-06-10 20:20:20] [debug] [ws_agent] socket data 11 {"pid":"c2s_heartbeat"}
[0000000d][2024-06-10 20:20:25] [debug] [ws_gate] ws message from:  11 , msg:  {"pid":"c2s_heartbeat"}
[0000000e][2024-06-10 20:20:25] [debug] [ws_agent] socket data 11 {"pid":"c2s_heartbeat"}
[0000000d][2024-06-10 20:20:30] [debug] [ws_gate] ws message from:  11 , msg:  {"pid":"c2s_heartbeat"}
[0000000e][2024-06-10 20:20:30] [debug] [ws_agent] socket data 11 {"pid":"c2s_heartbeat"}
[0000000d][2024-06-10 20:20:35] [debug] [ws_gate] ws message from:  11 , msg:  {"pid":"c2s_heartbeat"}
[0000000e][2024-06-10 20:20:35] [debug] [ws_agent] socket data 11 {"pid":"c2s_heartbeat"}
[0000000d][2024-06-10 20:20:40] [debug] [ws_gate] ws message from:  11 , msg:  {"pid":"c2s_heartbeat"}
[0000000e][2024-06-10 20:20:40] [debug] [ws_agent] socket data 11 {"pid":"c2s_heartbeat"}
[0000000d][2024-06-10 20:20:45] [debug] [ws_gate] ws message from:  11 , msg:  {"pid":"c2s_heartbeat"}
[0000000e][2024-06-10 20:20:45] [debug] [ws_agent] socket data 11 {"pid":"c2s_heartbeat"}
[0000000d][2024-06-10 20:20:50] [debug] [ws_gate] ws message from:  11 , msg:  {"pid":"c2s_heartbeat"}
[0000000e][2024-06-10 20:20:50] [debug] [ws_agent] socket data 11 {"pid":"c2s_heartbeat"}
[0000000d][2024-06-10 20:20:55] [debug] [ws_gate] ws message from:  11 , msg:  {"pid":"c2s_heartbeat"}
[0000000e][2024-06-10 20:20:55] [debug] [ws_agent] socket data 11 {"pid":"c2s_heartbeat"}
[0000000d][2024-06-10 20:21:00] [debug] [ws_gate] ws message from:  11 , msg:  {"pid":"c2s_heartbeat"}
[0000000e][2024-06-10 20:21:00] [debug] [ws_agent] socket data 11 {"pid":"c2s_heartbeat"}
[0000000d][2024-06-10 20:21:05] [debug] [ws_gate] ws message from:  11 , msg:  {"pid":"c2s_heartbeat"}
[0000000e][2024-06-10 20:21:05] [debug] [ws_agent] socket data 11 {"pid":"c2s_heartbeat"}
[0000000d][2024-06-10 20:21:10] [debug] [ws_gate] ws message from:  11 , msg:  {"pid":"c2s_heartbeat"}
[0000000e][2024-06-10 20:21:10] [debug] [ws_agent] socket data 11 {"pid":"c2s_heartbeat"}
[0000000d][2024-06-10 20:21:15] [debug] [ws_gate] ws message from:  11 , msg:  {"pid":"c2s_heartbeat"}
[0000000e][2024-06-10 20:21:15] [debug] [ws_agent] socket data 11 {"pid":"c2s_heartbeat"}
[0000000d][2024-06-10 20:21:20] [debug] [ws_gate] ws message from:  11 , msg:  {"pid":"c2s_heartbeat"}
[0000000e][2024-06-10 20:21:20] [debug] [ws_agent] socket data 11 {"pid":"c2s_heartbeat"}
[0000000d][2024-06-10 20:21:25] [debug] [ws_gate] ws message from:  11 , msg:  {"pid":"c2s_heartbeat"}
[0000000e][2024-06-10 20:21:25] [debug] [ws_agent] socket data 11 {"pid":"c2s_heartbeat"}
[0000000d][2024-06-10 20:21:30] [debug] [ws_gate] ws message from:  11 , msg:  {"pid":"c2s_heartbeat"}
[0000000e][2024-06-10 20:21:30] [debug] [ws_agent] socket data 11 {"pid":"c2s_heartbeat"}
[0000000d][2024-06-10 20:21:35] [debug] [ws_gate] ws message from:  11 , msg:  {"pid":"c2s_heartbeat"}
[0000000e][2024-06-10 20:21:35] [debug] [ws_agent] socket data 11 {"pid":"c2s_heartbeat"}
[0000000d][2024-06-10 20:21:40] [debug] [ws_gate] ws message from:  11 , msg:  {"pid":"c2s_heartbeat"}
[0000000e][2024-06-10 20:21:40] [debug] [ws_agent] socket data 11 {"pid":"c2s_heartbeat"}
[0000000d][2024-06-10 20:21:45] [debug] [ws_gate] ws message from:  11 , msg:  {"pid":"c2s_heartbeat"}
[0000000e][2024-06-10 20:21:45] [debug] [ws_agent] socket data 11 {"pid":"c2s_heartbeat"}
[0000000d][2024-06-10 20:21:50] [debug] [ws_gate] ws message from:  11 , msg:  {"pid":"c2s_heartbeat"}
[0000000e][2024-06-10 20:21:50] [debug] [ws_agent] socket data 11 {"pid":"c2s_heartbeat"}
[0000000d][2024-06-10 20:21:55] [debug] [ws_gate] ws message from:  11 , msg:  {"pid":"c2s_heartbeat"}
[0000000e][2024-06-10 20:21:55] [debug] [ws_agent] socket data 11 {"pid":"c2s_heartbeat"}
[0000000d][2024-06-10 20:22:00] [debug] [ws_gate] ws message from:  11 , msg:  {"pid":"c2s_heartbeat"}
[0000000e][2024-06-10 20:22:00] [debug] [ws_agent] socket data 11 {"pid":"c2s_heartbeat"}
[0000000d][2024-06-10 20:22:05] [debug] [ws_gate] ws message from:  11 , msg:  {"pid":"c2s_heartbeat"}
[0000000e][2024-06-10 20:22:05] [debug] [ws_agent] socket data 11 {"pid":"c2s_heartbeat"}
[0000000d][2024-06-10 20:22:10] [debug] [ws_gate] ws message from:  11 , msg:  {"pid":"c2s_heartbeat"}
[0000000e][2024-06-10 20:22:10] [debug] [ws_agent] socket data 11 {"pid":"c2s_heartbeat"}
[0000000d][2024-06-10 20:22:15] [debug] [ws_gate] ws message from:  11 , msg:  {"pid":"c2s_heartbeat"}
[0000000e][2024-06-10 20:22:15] [debug] [ws_agent] socket data 11 {"pid":"c2s_heartbeat"}
[0000000d][2024-06-10 20:22:20] [debug] [ws_gate] ws message from:  11 , msg:  {"pid":"c2s_heartbeat"}
[0000000e][2024-06-10 20:22:20] [debug] [ws_agent] socket data 11 {"pid":"c2s_heartbeat"}
[0000000d][2024-06-10 20:22:25] [debug] [ws_gate] ws message from:  11 , msg:  {"pid":"c2s_heartbeat"}
[0000000e][2024-06-10 20:22:25] [debug] [ws_agent] socket data 11 {"pid":"c2s_heartbeat"}
[0000000d][2024-06-10 20:22:30] [debug] [ws_gate] ws message from:  11 , msg:  {"pid":"c2s_heartbeat"}
[0000000e][2024-06-10 20:22:30] [debug] [ws_agent] socket data 11 {"pid":"c2s_heartbeat"}
[0000000d][2024-06-10 20:22:35] [debug] [ws_gate] ws message from:  11 , msg:  {"pid":"c2s_heartbeat"}
[0000000e][2024-06-10 20:22:35] [debug] [ws_agent] socket data 11 {"pid":"c2s_heartbeat"}
[0000000d][2024-06-10 20:22:40] [debug] [ws_gate] ws message from:  11 , msg:  {"pid":"c2s_heartbeat"}
[0000000e][2024-06-10 20:22:40] [debug] [ws_agent] socket data 11 {"pid":"c2s_heartbeat"}
[0000000d][2024-06-10 20:22:45] [debug] [ws_gate] ws message from:  11 , msg:  {"pid":"c2s_heartbeat"}
[0000000e][2024-06-10 20:22:45] [debug] [ws_agent] socket data 11 {"pid":"c2s_heartbeat"}
[0000000d][2024-06-10 20:22:50] [debug] [ws_gate] ws message from:  11 , msg:  {"pid":"c2s_heartbeat"}
[0000000e][2024-06-10 20:22:50] [debug] [ws_agent] socket data 11 {"pid":"c2s_heartbeat"}
[0000000d][2024-06-10 20:22:55] [debug] [ws_gate] ws message from:  11 , msg:  {"pid":"c2s_heartbeat"}
[0000000e][2024-06-10 20:22:55] [debug] [ws_agent] socket data 11 {"pid":"c2s_heartbeat"}
[0000000d][2024-06-10 20:23:00] [debug] [ws_gate] ws message from:  11 , msg:  {"pid":"c2s_heartbeat"}
[0000000e][2024-06-10 20:23:00] [debug] [ws_agent] socket data 11 {"pid":"c2s_heartbeat"}
[0000000d][2024-06-10 20:23:05] [debug] [ws_gate] ws message from:  11 , msg:  {"pid":"c2s_heartbeat"}
[0000000e][2024-06-10 20:23:05] [debug] [ws_agent] socket data 11 {"pid":"c2s_heartbeat"}
[0000000d][2024-06-10 20:23:10] [debug] [ws_gate] ws message from:  11 , msg:  {"pid":"c2s_heartbeat"}
[0000000e][2024-06-10 20:23:10] [debug] [ws_agent] socket data 11 {"pid":"c2s_heartbeat"}
[0000000d][2024-06-10 20:23:15] [debug] [ws_gate] ws message from:  11 , msg:  {"pid":"c2s_heartbeat"}
[0000000e][2024-06-10 20:23:15] [debug] [ws_agent] socket data 11 {"pid":"c2s_heartbeat"}
[0000000d][2024-06-10 20:23:20] [debug] [ws_gate] ws message from:  11 , msg:  {"pid":"c2s_heartbeat"}
[0000000e][2024-06-10 20:23:20] [debug] [ws_agent] socket data 11 {"pid":"c2s_heartbeat"}
[0000000d][2024-06-10 20:23:25] [debug] [ws_gate] ws message from:  11 , msg:  {"pid":"c2s_heartbeat"}
[0000000e][2024-06-10 20:23:25] [debug] [ws_agent] socket data 11 {"pid":"c2s_heartbeat"}
[0000000d][2024-06-10 20:23:30] [debug] [ws_gate] ws message from:  11 , msg:  {"pid":"c2s_heartbeat"}
[0000000e][2024-06-10 20:23:30] [debug] [ws_agent] socket data 11 {"pid":"c2s_heartbeat"}
[0000000d][2024-06-10 20:23:35] [debug] [ws_gate] ws message from:  11 , msg:  {"pid":"c2s_heartbeat"}
[0000000e][2024-06-10 20:23:35] [debug] [ws_agent] socket data 11 {"pid":"c2s_heartbeat"}
[0000000d][2024-06-10 20:23:40] [debug] [ws_gate] ws message from:  11 , msg:  {"pid":"c2s_heartbeat"}
[0000000e][2024-06-10 20:23:40] [debug] [ws_agent] socket data 11 {"pid":"c2s_heartbeat"}
[0000000d][2024-06-10 20:23:45] [debug] [ws_gate] ws message from:  11 , msg:  {"pid":"c2s_heartbeat"}
[0000000e][2024-06-10 20:23:45] [debug] [ws_agent] socket data 11 {"pid":"c2s_heartbeat"}
[0000000d][2024-06-10 20:23:50] [debug] [ws_gate] ws message from:  11 , msg:  {"pid":"c2s_heartbeat"}
[0000000e][2024-06-10 20:23:50] [debug] [ws_agent] socket data 11 {"pid":"c2s_heartbeat"}
[0000000d][2024-06-10 20:23:55] [debug] [ws_gate] ws message from:  11 , msg:  {"pid":"c2s_heartbeat"}
[0000000e][2024-06-10 20:23:55] [debug] [ws_agent] socket data 11 {"pid":"c2s_heartbeat"}
[0000000d][2024-06-10 20:24:00] [debug] [ws_gate] ws message from:  11 , msg:  {"pid":"c2s_heartbeat"}
[0000000e][2024-06-10 20:24:00] [debug] [ws_agent] socket data 11 {"pid":"c2s_heartbeat"}
[0000000d][2024-06-10 20:24:05] [debug] [ws_gate] ws message from:  11 , msg:  {"pid":"c2s_heartbeat"}
[0000000e][2024-06-10 20:24:05] [debug] [ws_agent] socket data 11 {"pid":"c2s_heartbeat"}
[0000000d][2024-06-10 20:24:10] [debug] [ws_gate] ws message from:  11 , msg:  {"pid":"c2s_heartbeat"}
[0000000e][2024-06-10 20:24:10] [debug] [ws_agent] socket data 11 {"pid":"c2s_heartbeat"}
[0000000d][2024-06-10 20:24:15] [debug] [ws_gate] ws message from:  11 , msg:  {"pid":"c2s_heartbeat"}
[0000000e][2024-06-10 20:24:15] [debug] [ws_agent] socket data 11 {"pid":"c2s_heartbeat"}
[0000000d][2024-06-10 20:24:20] [debug] [ws_gate] ws message from:  11 , msg:  {"pid":"c2s_heartbeat"}
[0000000e][2024-06-10 20:24:20] [debug] [ws_agent] socket data 11 {"pid":"c2s_heartbeat"}
[0000000d][2024-06-10 20:24:25] [debug] [ws_gate] ws message from:  11 , msg:  {"pid":"c2s_heartbeat"}
[0000000e][2024-06-10 20:24:25] [debug] [ws_agent] socket data 11 {"pid":"c2s_heartbeat"}
[0000000d][2024-06-10 20:24:30] [debug] [ws_gate] ws message from:  11 , msg:  {"pid":"c2s_heartbeat"}
[0000000e][2024-06-10 20:24:30] [debug] [ws_agent] socket data 11 {"pid":"c2s_heartbeat"}
[0000000d][2024-06-10 20:24:35] [debug] [ws_gate] ws message from:  11 , msg:  {"pid":"c2s_heartbeat"}
[0000000e][2024-06-10 20:24:35] [debug] [ws_agent] socket data 11 {"pid":"c2s_heartbeat"}
[0000000d][2024-06-10 20:24:40] [debug] [ws_gate] ws message from:  11 , msg:  {"pid":"c2s_heartbeat"}
[0000000e][2024-06-10 20:24:40] [debug] [ws_agent] socket data 11 {"pid":"c2s_heartbeat"}
[0000000d][2024-06-10 20:24:45] [debug] [ws_gate] ws message from:  11 , msg:  {"pid":"c2s_heartbeat"}
[0000000e][2024-06-10 20:24:45] [debug] [ws_agent] socket data 11 {"pid":"c2s_heartbeat"}
[0000000d][2024-06-10 20:24:50] [debug] [ws_gate] ws message from:  11 , msg:  {"pid":"c2s_heartbeat"}
[0000000e][2024-06-10 20:24:50] [debug] [ws_agent] socket data 11 {"pid":"c2s_heartbeat"}
[0000000d][2024-06-10 20:24:55] [debug] [ws_gate] ws message from:  11 , msg:  {"pid":"c2s_heartbeat"}
[0000000e][2024-06-10 20:24:55] [debug] [ws_agent] socket data 11 {"pid":"c2s_heartbeat"}
[0000000d][2024-06-10 20:25:00] [debug] [ws_gate] ws message from:  11 , msg:  {"pid":"c2s_heartbeat"}
[0000000e][2024-06-10 20:25:00] [debug] [ws_agent] socket data 11 {"pid":"c2s_heartbeat"}
[0000000d][2024-06-10 20:25:05] [debug] [ws_gate] ws message from:  11 , msg:  {"pid":"c2s_heartbeat"}
[0000000e][2024-06-10 20:25:05] [debug] [ws_agent] socket data 11 {"pid":"c2s_heartbeat"}
[0000000d][2024-06-10 20:25:10] [debug] [ws_gate] ws message from:  11 , msg:  {"pid":"c2s_heartbeat"}
[0000000e][2024-06-10 20:25:10] [debug] [ws_agent] socket data 11 {"pid":"c2s_heartbeat"}
[0000000d][2024-06-10 20:25:15] [debug] [ws_gate] ws message from:  11 , msg:  {"pid":"c2s_heartbeat"}
[0000000e][2024-06-10 20:25:15] [debug] [ws_agent] socket data 11 {"pid":"c2s_heartbeat"}
[0000000d][2024-06-10 20:25:20] [debug] [ws_gate] ws message from:  11 , msg:  {"pid":"c2s_heartbeat"}
[0000000e][2024-06-10 20:25:20] [debug] [ws_agent] socket data 11 {"pid":"c2s_heartbeat"}
[0000000d][2024-06-10 20:25:25] [debug] [ws_gate] ws message from:  11 , msg:  {"pid":"c2s_heartbeat"}
[0000000e][2024-06-10 20:25:25] [debug] [ws_agent] socket data 11 {"pid":"c2s_heartbeat"}
[0000000d][2024-06-10 20:25:30] [debug] [ws_gate] ws message from:  11 , msg:  {"pid":"c2s_heartbeat"}
[0000000e][2024-06-10 20:25:30] [debug] [ws_agent] socket data 11 {"pid":"c2s_heartbeat"}
[0000000d][2024-06-10 20:25:35] [debug] [ws_gate] ws message from:  11 , msg:  {"pid":"c2s_heartbeat"}
[0000000e][2024-06-10 20:25:35] [debug] [ws_agent] socket data 11 {"pid":"c2s_heartbeat"}
[0000000d][2024-06-10 20:25:40] [debug] [ws_gate] ws message from:  11 , msg:  {"pid":"c2s_heartbeat"}
[0000000e][2024-06-10 20:25:40] [debug] [ws_agent] socket data 11 {"pid":"c2s_heartbeat"}
[0000000d][2024-06-10 20:25:45] [debug] [ws_gate] ws message from:  11 , msg:  {"pid":"c2s_heartbeat"}
[0000000e][2024-06-10 20:25:45] [debug] [ws_agent] socket data 11 {"pid":"c2s_heartbeat"}
[0000000d][2024-06-10 20:25:50] [debug] [ws_gate] ws message from:  11 , msg:  {"pid":"c2s_heartbeat"}
[0000000e][2024-06-10 20:25:50] [debug] [ws_agent] socket data 11 {"pid":"c2s_heartbeat"}
[0000000d][2024-06-10 20:25:55] [debug] [ws_gate] ws message from:  11 , msg:  {"pid":"c2s_heartbeat"}
[0000000e][2024-06-10 20:25:55] [debug] [ws_agent] socket data 11 {"pid":"c2s_heartbeat"}
[0000000d][2024-06-10 20:26:00] [debug] [ws_gate] ws message from:  11 , msg:  {"pid":"c2s_heartbeat"}
[0000000e][2024-06-10 20:26:00] [debug] [ws_agent] socket data 11 {"pid":"c2s_heartbeat"}
[0000000d][2024-06-10 20:26:05] [debug] [ws_gate] ws message from:  11 , msg:  {"pid":"c2s_heartbeat"}
[0000000e][2024-06-10 20:26:05] [debug] [ws_agent] socket data 11 {"pid":"c2s_heartbeat"}
[0000000d][2024-06-10 20:26:10] [debug] [ws_gate] ws message from:  11 , msg:  {"pid":"c2s_heartbeat"}
[0000000e][2024-06-10 20:26:10] [debug] [ws_agent] socket data 11 {"pid":"c2s_heartbeat"}
[0000000d][2024-06-10 20:26:15] [debug] [ws_gate] ws message from:  11 , msg:  {"pid":"c2s_heartbeat"}
[0000000e][2024-06-10 20:26:15] [debug] [ws_agent] socket data 11 {"pid":"c2s_heartbeat"}
[0000000d][2024-06-10 20:26:20] [debug] [ws_gate] ws message from:  11 , msg:  {"pid":"c2s_heartbeat"}
[0000000e][2024-06-10 20:26:20] [debug] [ws_agent] socket data 11 {"pid":"c2s_heartbeat"}
[0000000d][2024-06-10 20:26:25] [debug] [ws_gate] ws message from:  11 , msg:  {"pid":"c2s_heartbeat"}
[0000000e][2024-06-10 20:26:25] [debug] [ws_agent] socket data 11 {"pid":"c2s_heartbeat"}
[0000000d][2024-06-10 20:26:30] [debug] [ws_gate] ws message from:  11 , msg:  {"pid":"c2s_heartbeat"}
[0000000e][2024-06-10 20:26:30] [debug] [ws_agent] socket data 11 {"pid":"c2s_heartbeat"}
[0000000d][2024-06-10 20:26:35] [debug] [ws_gate] ws message from:  11 , msg:  {"pid":"c2s_heartbeat"}
[0000000e][2024-06-10 20:26:35] [debug] [ws_agent] socket data 11 {"pid":"c2s_heartbeat"}
[0000000d][2024-06-10 20:26:40] [debug] [ws_gate] ws message from:  11 , msg:  {"pid":"c2s_heartbeat"}
[0000000e][2024-06-10 20:26:40] [debug] [ws_agent] socket data 11 {"pid":"c2s_heartbeat"}
[0000000d][2024-06-10 20:26:45] [debug] [ws_gate] ws message from:  11 , msg:  {"pid":"c2s_heartbeat"}
[0000000e][2024-06-10 20:26:45] [debug] [ws_agent] socket data 11 {"pid":"c2s_heartbeat"}
[0000000d][2024-06-10 20:26:50] [debug] [ws_gate] ws message from:  11 , msg:  {"pid":"c2s_heartbeat"}
[0000000e][2024-06-10 20:26:50] [debug] [ws_agent] socket data 11 {"pid":"c2s_heartbeat"}
[0000000d][2024-06-10 20:26:55] [debug] [ws_gate] ws message from:  11 , msg:  {"pid":"c2s_heartbeat"}
[0000000e][2024-06-10 20:26:55] [debug] [ws_agent] socket data 11 {"pid":"c2s_heartbeat"}
[0000000d][2024-06-10 20:27:00] [debug] [ws_gate] ws message from:  11 , msg:  {"pid":"c2s_heartbeat"}
[0000000e][2024-06-10 20:27:00] [debug] [ws_agent] socket data 11 {"pid":"c2s_heartbeat"}
[0000000d][2024-06-10 20:27:05] [debug] [ws_gate] ws message from:  11 , msg:  {"pid":"c2s_heartbeat"}
[0000000e][2024-06-10 20:27:05] [debug] [ws_agent] socket data 11 {"pid":"c2s_heartbeat"}
[0000000d][2024-06-10 20:27:10] [debug] [ws_gate] ws message from:  11 , msg:  {"pid":"c2s_heartbeat"}
[0000000e][2024-06-10 20:27:10] [debug] [ws_agent] socket data 11 {"pid":"c2s_heartbeat"}
[0000000d][2024-06-10 20:27:15] [debug] [ws_gate] ws message from:  11 , msg:  {"pid":"c2s_heartbeat"}
[0000000e][2024-06-10 20:27:15] [debug] [ws_agent] socket data 11 {"pid":"c2s_heartbeat"}
[0000000d][2024-06-10 20:27:20] [debug] [ws_gate] ws message from:  11 , msg:  {"pid":"c2s_heartbeat"}
[0000000e][2024-06-10 20:27:20] [debug] [ws_agent] socket data 11 {"pid":"c2s_heartbeat"}
[0000000d][2024-06-10 20:27:25] [debug] [ws_gate] ws message from:  11 , msg:  {"pid":"c2s_heartbeat"}
[0000000e][2024-06-10 20:27:25] [debug] [ws_agent] socket data 11 {"pid":"c2s_heartbeat"}
[0000000d][2024-06-10 20:27:30] [debug] [ws_gate] ws message from:  11 , msg:  {"pid":"c2s_heartbeat"}
[0000000e][2024-06-10 20:27:30] [debug] [ws_agent] socket data 11 {"pid":"c2s_heartbeat"}
[0000000d][2024-06-10 20:27:35] [debug] [ws_gate] ws message from:  11 , msg:  {"pid":"c2s_heartbeat"}
[0000000e][2024-06-10 20:27:35] [debug] [ws_agent] socket data 11 {"pid":"c2s_heartbeat"}
[0000000d][2024-06-10 20:27:40] [debug] [ws_gate] ws message from:  11 , msg:  {"pid":"c2s_heartbeat"}
[0000000e][2024-06-10 20:27:40] [debug] [ws_agent] socket data 11 {"pid":"c2s_heartbeat"}
[0000000d][2024-06-10 20:27:45] [debug] [ws_gate] ws message from:  11 , msg:  {"pid":"c2s_heartbeat"}
[0000000e][2024-06-10 20:27:45] [debug] [ws_agent] socket data 11 {"pid":"c2s_heartbeat"}
[0000000d][2024-06-10 20:27:50] [debug] [ws_gate] ws message from:  11 , msg:  {"pid":"c2s_heartbeat"}
[0000000e][2024-06-10 20:27:50] [debug] [ws_agent] socket data 11 {"pid":"c2s_heartbeat"}
[0000000d][2024-06-10 20:27:55] [debug] [ws_gate] ws message from:  11 , msg:  {"pid":"c2s_heartbeat"}
[0000000e][2024-06-10 20:27:55] [debug] [ws_agent] socket data 11 {"pid":"c2s_heartbeat"}
[0000000d][2024-06-10 20:28:00] [debug] [ws_gate] ws message from:  11 , msg:  {"pid":"c2s_heartbeat"}
[0000000e][2024-06-10 20:28:00] [debug] [ws_agent] socket data 11 {"pid":"c2s_heartbeat"}
[0000000d][2024-06-10 20:28:05] [debug] [ws_gate] ws message from:  11 , msg:  {"pid":"c2s_heartbeat"}
[0000000e][2024-06-10 20:28:05] [debug] [ws_agent] socket data 11 {"pid":"c2s_heartbeat"}
[0000000d][2024-06-10 20:28:10] [debug] [ws_gate] ws message from:  11 , msg:  {"pid":"c2s_heartbeat"}
[0000000e][2024-06-10 20:28:10] [debug] [ws_agent] socket data 11 {"pid":"c2s_heartbeat"}
[0000000d][2024-06-10 20:28:15] [debug] [ws_gate] ws message from:  11 , msg:  {"pid":"c2s_heartbeat"}
[0000000e][2024-06-10 20:28:15] [debug] [ws_agent] socket data 11 {"pid":"c2s_heartbeat"}
[0000000d][2024-06-10 20:28:20] [debug] [ws_gate] ws message from:  11 , msg:  {"pid":"c2s_heartbeat"}
[0000000e][2024-06-10 20:28:20] [debug] [ws_agent] socket data 11 {"pid":"c2s_heartbeat"}
[0000000d][2024-06-10 20:28:25] [debug] [ws_gate] ws message from:  11 , msg:  {"pid":"c2s_heartbeat"}
[0000000e][2024-06-10 20:28:25] [debug] [ws_agent] socket data 11 {"pid":"c2s_heartbeat"}
[0000000d][2024-06-10 20:28:30] [debug] [ws_gate] ws message from:  11 , msg:  {"pid":"c2s_heartbeat"}
[0000000e][2024-06-10 20:28:30] [debug] [ws_agent] socket data 11 {"pid":"c2s_heartbeat"}
[0000000d][2024-06-10 20:28:35] [debug] [ws_gate] ws message from:  11 , msg:  {"pid":"c2s_heartbeat"}
[0000000e][2024-06-10 20:28:35] [debug] [ws_agent] socket data 11 {"pid":"c2s_heartbeat"}
[0000000d][2024-06-10 20:28:40] [debug] [ws_gate] ws message from:  11 , msg:  {"pid":"c2s_heartbeat"}
[0000000e][2024-06-10 20:28:40] [debug] [ws_agent] socket data 11 {"pid":"c2s_heartbeat"}
[0000000d][2024-06-10 20:28:45] [debug] [ws_gate] ws message from:  11 , msg:  {"pid":"c2s_heartbeat"}
[0000000e][2024-06-10 20:28:45] [debug] [ws_agent] socket data 11 {"pid":"c2s_heartbeat"}
[0000000d][2024-06-10 20:28:50] [debug] [ws_gate] ws message from:  11 , msg:  {"pid":"c2s_heartbeat"}
[0000000e][2024-06-10 20:28:50] [debug] [ws_agent] socket data 11 {"pid":"c2s_heartbeat"}
[0000000d][2024-06-10 20:28:55] [debug] [ws_gate] ws message from:  11 , msg:  {"pid":"c2s_heartbeat"}
[0000000e][2024-06-10 20:28:55] [debug] [ws_agent] socket data 11 {"pid":"c2s_heartbeat"}
[0000000d][2024-06-10 20:29:00] [debug] [ws_gate] ws message from:  11 , msg:  {"pid":"c2s_heartbeat"}
[0000000e][2024-06-10 20:29:00] [debug] [ws_agent] socket data 11 {"pid":"c2s_heartbeat"}
[0000000d][2024-06-10 20:29:05] [debug] [ws_gate] ws message from:  11 , msg:  {"pid":"c2s_heartbeat"}
[0000000e][2024-06-10 20:29:05] [debug] [ws_agent] socket data 11 {"pid":"c2s_heartbeat"}
[0000000d][2024-06-10 20:29:10] [debug] [ws_gate] ws message from:  11 , msg:  {"pid":"c2s_heartbeat"}
[0000000e][2024-06-10 20:29:10] [debug] [ws_agent] socket data 11 {"pid":"c2s_heartbeat"}
[0000000d][2024-06-10 20:29:15] [debug] [ws_gate] ws message from:  11 , msg:  {"pid":"c2s_heartbeat"}
[0000000e][2024-06-10 20:29:15] [debug] [ws_agent] socket data 11 {"pid":"c2s_heartbeat"}
[0000000d][2024-06-10 20:29:20] [debug] [ws_gate] ws message from:  11 , msg:  {"pid":"c2s_heartbeat"}
[0000000e][2024-06-10 20:29:20] [debug] [ws_agent] socket data 11 {"pid":"c2s_heartbeat"}
[0000000d][2024-06-10 20:29:25] [debug] [ws_gate] ws message from:  11 , msg:  {"pid":"c2s_heartbeat"}
[0000000e][2024-06-10 20:29:25] [debug] [ws_agent] socket data 11 {"pid":"c2s_heartbeat"}
[0000000d][2024-06-10 20:29:30] [debug] [ws_gate] ws message from:  11 , msg:  {"pid":"c2s_heartbeat"}
[0000000e][2024-06-10 20:29:30] [debug] [ws_agent] socket data 11 {"pid":"c2s_heartbeat"}
[0000000d][2024-06-10 20:29:35] [debug] [ws_gate] ws message from:  11 , msg:  {"pid":"c2s_heartbeat"}
[0000000e][2024-06-10 20:29:35] [debug] [ws_agent] socket data 11 {"pid":"c2s_heartbeat"}
[0000000d][2024-06-10 20:29:40] [debug] [ws_gate] ws message from:  11 , msg:  {"pid":"c2s_heartbeat"}
[0000000e][2024-06-10 20:29:40] [debug] [ws_agent] socket data 11 {"pid":"c2s_heartbeat"}
[0000000d][2024-06-10 20:29:45] [debug] [ws_gate] ws message from:  11 , msg:  {"pid":"c2s_heartbeat"}
[0000000e][2024-06-10 20:29:45] [debug] [ws_agent] socket data 11 {"pid":"c2s_heartbeat"}
[0000000d][2024-06-10 20:29:50] [debug] [ws_gate] ws message from:  11 , msg:  {"pid":"c2s_heartbeat"}
[0000000e][2024-06-10 20:29:50] [debug] [ws_agent] socket data 11 {"pid":"c2s_heartbeat"}
[0000000d][2024-06-10 20:29:54] [error] [ws_gate] ws error from:  11
[0000000c][2024-06-10 20:29:54] [error] [ws_watchdog] socket error 11
[00000000][2024-06-10 22:02:06] time diff error: change from 95069064 to 95069069
